0 info it worked if it ends with ok
1 verbose cli [ 'node',
1 verbose cli   '/usr/local/bin/npm',
1 verbose cli   'run',
1 verbose cli   'build-dev',
1 verbose cli   './node_modules/.bin/cordova',
1 verbose cli   'emulate',
1 verbose cli   'ios' ]
2 info using npm@1.4.28
3 info using node@v0.10.33
4 error Error: ENOENT, open '/Users/tommy/src/devgeeks/ethernotes/node_modules/build-dev/package.json'
5 error If you need help, you may report this *entire* log,
5 error including the npm and node versions, at:
5 error     <http://github.com/npm/npm/issues>
6 error System Darwin 14.0.0
7 error command "node" "/usr/local/bin/npm" "run" "build-dev" "./node_modules/.bin/cordova" "emulate" "ios"
8 error cwd /Users/tommy/src/devgeeks/ethernotes
9 error node -v v0.10.33
10 error npm -v 1.4.28
11 error path /Users/tommy/src/devgeeks/ethernotes/node_modules/build-dev/package.json
12 error code ENOENT
13 error errno 34
14 verbose exit [ 34, true ]
